<?xml version="1.0" encoding="UTF-8"?>
<testng-results skipped="0" failed="1" ignored="1" total="6" passed="4">
  <reporter-output>
  </reporter-output>
  <suite name="testSuite" duration-ms="234" started-at="2020-04-03T06:59:17Z" finished-at="2020-04-03T06:59:17Z">
    <groups>
    </groups>
    <test name="testSet" duration-ms="234" started-at="2020-04-03T06:59:17Z" finished-at="2020-04-03T06:59:17Z">
      <class name="com.fico.tests.TestClass1">
        <test-method status="PASS" signature="beforeTest()[pri:0, instance:com.fico.tests.TestClass1@1fbc7afb]" name="beforeTest" is-config="true" duration-ms="14" started-at="2020-04-03T06:59:17Z" finished-at="2020-04-03T06:59:17Z">
          <reporter-output>
          </reporter-output>
        </test-method> <!-- beforeTest -->
        <test-method status="PASS" signature="beforeClass()[pri:0, instance:com.fico.tests.TestClass1@1fbc7afb]" name="beforeClass" is-config="true" duration-ms="0" started-at="2020-04-03T06:59:17Z" finished-at="2020-04-03T06:59:17Z">
          <reporter-output>
          </reporter-output>
        </test-method> <!-- beforeClass -->
        <test-method status="PASS" signature="beforeMethod()[pri:0, instance:com.fico.tests.TestClass1@1fbc7afb]" name="beforeMethod" is-config="true" duration-ms="3" started-at="2020-04-03T06:59:17Z" finished-at="2020-04-03T06:59:17Z">
          <reporter-output>
          </reporter-output>
        </test-method> <!-- beforeMethod -->
        <test-method status="PASS" signature="testCase1(int, int)[pri:0, instance:com.fico.tests.TestClass1@1fbc7afb]" name="testCase1" duration-ms="1" started-at="2020-04-03T06:59:17Z" data-provider="numbers" finished-at="2020-04-03T06:59:17Z">
          <params>
            <param index="0">
              <value>
                <![CDATA[1]]>
              </value>
            </param>
            <param index="1">
              <value>
                <![CDATA[1]]>
              </value>
            </param>
          </params>
          <reporter-output>
          </reporter-output>
        </test-method> <!-- testCase1 -->
        <test-method status="PASS" signature="afterMethod()[pri:0, instance:com.fico.tests.TestClass1@1fbc7afb]" name="afterMethod" is-config="true" duration-ms="4" started-at="2020-04-03T06:59:17Z" finished-at="2020-04-03T06:59:17Z">
          <reporter-output>
          </reporter-output>
        </test-method> <!-- afterMethod -->
        <test-method status="PASS" signature="beforeMethod()[pri:0, instance:com.fico.tests.TestClass1@1fbc7afb]" name="beforeMethod" is-config="true" duration-ms="4" started-at="2020-04-03T06:59:17Z" finished-at="2020-04-03T06:59:17Z">
          <reporter-output>
          </reporter-output>
        </test-method> <!-- beforeMethod -->
        <test-method status="PASS" signature="testCase1(int, int)[pri:0, instance:com.fico.tests.TestClass1@1fbc7afb]" name="testCase1" duration-ms="0" started-at="2020-04-03T06:59:17Z" data-provider="numbers" finished-at="2020-04-03T06:59:17Z">
          <params>
            <param index="0">
              <value>
                <![CDATA[2]]>
              </value>
            </param>
            <param index="1">
              <value>
                <![CDATA[2]]>
              </value>
            </param>
          </params>
          <reporter-output>
          </reporter-output>
        </test-method> <!-- testCase1 -->
        <test-method status="PASS" signature="afterMethod()[pri:0, instance:com.fico.tests.TestClass1@1fbc7afb]" name="afterMethod" is-config="true" duration-ms="0" started-at="2020-04-03T06:59:17Z" finished-at="2020-04-03T06:59:17Z">
          <reporter-output>
          </reporter-output>
        </test-method> <!-- afterMethod -->
        <test-method status="PASS" signature="testCase1(int, int)[pri:0, instance:com.fico.tests.TestClass1@1fbc7afb]" name="testCase1" duration-ms="11" started-at="2020-04-03T06:59:17Z" data-provider="numbers" finished-at="2020-04-03T06:59:17Z">
          <params>
            <param index="0">
              <value>
                <![CDATA[3]]>
              </value>
            </param>
            <param index="1">
              <value>
                <![CDATA[3]]>
              </value>
            </param>
          </params>
          <reporter-output>
          </reporter-output>
        </test-method> <!-- testCase1 -->
        <test-method status="PASS" signature="beforeMethod()[pri:0, instance:com.fico.tests.TestClass1@1fbc7afb]" name="beforeMethod" is-config="true" duration-ms="0" started-at="2020-04-03T06:59:17Z" finished-at="2020-04-03T06:59:17Z">
          <reporter-output>
          </reporter-output>
        </test-method> <!-- beforeMethod -->
        <test-method status="PASS" signature="afterMethod()[pri:0, instance:com.fico.tests.TestClass1@1fbc7afb]" name="afterMethod" is-config="true" duration-ms="1" started-at="2020-04-03T06:59:17Z" finished-at="2020-04-03T06:59:17Z">
          <reporter-output>
          </reporter-output>
        </test-method> <!-- afterMethod -->
        <test-method status="PASS" signature="beforeMethod()[pri:0, instance:com.fico.tests.TestClass1@1fbc7afb]" name="beforeMethod" is-config="true" duration-ms="3" started-at="2020-04-03T06:59:17Z" finished-at="2020-04-03T06:59:17Z">
          <reporter-output>
          </reporter-output>
        </test-method> <!-- beforeMethod -->
        <test-method status="PASS" signature="testCase2()[pri:0, instance:com.fico.tests.TestClass1@1fbc7afb]" name="testCase2" duration-ms="4" started-at="2020-04-03T06:59:17Z" finished-at="2020-04-03T06:59:17Z">
          <reporter-output>
          </reporter-output>
        </test-method> <!-- testCase2 -->
        <test-method status="PASS" signature="afterMethod()[pri:0, instance:com.fico.tests.TestClass1@1fbc7afb]" name="afterMethod" is-config="true" duration-ms="1" started-at="2020-04-03T06:59:17Z" finished-at="2020-04-03T06:59:17Z">
          <reporter-output>
          </reporter-output>
        </test-method> <!-- afterMethod -->
        <test-method status="PASS" signature="afterClass()[pri:0, instance:com.fico.tests.TestClass1@1fbc7afb]" name="afterClass" is-config="true" duration-ms="6" started-at="2020-04-03T06:59:17Z" finished-at="2020-04-03T06:59:17Z">
          <reporter-output>
          </reporter-output>
        </test-method> <!-- afterClass -->
        <test-method status="PASS" signature="afterTest()[pri:0, instance:com.fico.tests.TestClass1@1fbc7afb]" name="afterTest" is-config="true" duration-ms="5" started-at="2020-04-03T06:59:17Z" finished-at="2020-04-03T06:59:17Z">
          <reporter-output>
          </reporter-output>
        </test-method> <!-- afterTest -->
      </class> <!-- com.fico.tests.TestClass1 -->
      <class name="com.fico.tests.TestClass2">
        <test-method status="FAIL" signature="testCase3()[pri:0, instance:com.fico.tests.TestClass2@45c8e616]" name="testCase3" duration-ms="2" started-at="2020-04-03T06:59:17Z" finished-at="2020-04-03T06:59:17Z">
          <exception class="java.lang.RuntimeException">
            <full-stacktrace>
              <![CDATA[java.lang.RuntimeException
at com.fico.tests.TestClass2.testCase3(TestClass2.java:10)
at sun.reflect.NativeMethodAccessorImpl.invoke0(Native Method)
at sun.reflect.NativeMethodAccessorImpl.invoke(NativeMethodAccessorImpl.java:62)
at sun.reflect.DelegatingMethodAccessorImpl.invoke(DelegatingMethodAccessorImpl.java:43)
at java.lang.reflect.Method.invoke(Method.java:498)
at org.testng.internal.MethodInvocationHelper.invokeMethod(MethodInvocationHelper.java:124)
at org.testng.internal.Invoker.invokeMethod(Invoker.java:583)
at org.testng.internal.Invoker.invokeTestMethod(Invoker.java:719)
at org.testng.internal.Invoker.invokeTestMethods(Invoker.java:989)
at org.testng.internal.TestMethodWorker.invokeTestMethods(TestMethodWorker.java:125)
at org.testng.internal.TestMethodWorker.run(TestMethodWorker.java:109)
at org.testng.TestRunner.privateRun(TestRunner.java:648)
at org.testng.TestRunner.run(TestRunner.java:505)
at org.testng.SuiteRunner.runTest(SuiteRunner.java:455)
at org.testng.SuiteRunner.runSequentially(SuiteRunner.java:450)
at org.testng.SuiteRunner.privateRun(SuiteRunner.java:415)
at org.testng.SuiteRunner.run(SuiteRunner.java:364)
at org.testng.SuiteRunnerWorker.runSuite(SuiteRunnerWorker.java:52)
at org.testng.SuiteRunnerWorker.run(SuiteRunnerWorker.java:84)
at org.testng.TestNG.runSuitesSequentially(TestNG.java:1208)
at org.testng.TestNG.runSuitesLocally(TestNG.java:1137)
at org.testng.TestNG.runSuites(TestNG.java:1049)
at org.testng.TestNG.run(TestNG.java:1017)
at com.intellij.rt.testng.IDEARemoteTestNG.run(IDEARemoteTestNG.java:66)
at com.intellij.rt.testng.RemoteTestNGStarter.main(RemoteTestNGStarter.java:110)
]]>
            </full-stacktrace>
          </exception> <!-- java.lang.RuntimeException -->
          <reporter-output>
          </reporter-output>
        </test-method> <!-- testCase3 -->
      </class> <!-- com.fico.tests.TestClass2 -->
    </test> <!-- testSet -->
  </suite> <!-- testSuite -->
</testng-results>
